<?xml version="1.0" encoding="UTF-8" ?>
<testsuite tests="11" failures="0" name="mybudgetapp.domain.MyBudgetServiceTest" time="0.866" errors="0" skipped="0">
  <properties>
[...]
</properties>
  <testcase classname="mybudgetapp.domain.MyBudgetServiceTest" name="loginReturnsFalseIfUserNull" time="0.097"/>
  <testcase classname="mybudgetapp.domain.MyBudgetServiceTest" name="updateBalanceNewIncome" time="0.08"/>
  <testcase classname="mybudgetapp.domain.MyBudgetServiceTest" name="loggedInUserCanLogout" time="0.093"/>
  <testcase classname="mybudgetapp.domain.MyBudgetServiceTest" name="createExpenseReturnsfalse" time="0.037"/>
  <testcase classname="mybudgetapp.domain.MyBudgetServiceTest" name="createExpense" time="0.048"/>
  <testcase classname="mybudgetapp.domain.MyBudgetServiceTest" name="createCategory" time="0.044"/>
  <testcase classname="mybudgetapp.domain.MyBudgetServiceTest" name="getLoggedUserReturnsLogged" time="0.059"/>
  <testcase classname="mybudgetapp.domain.MyBudgetServiceTest" name="createIncome" time="0.078"/>
  <testcase classname="mybudgetapp.domain.MyBudgetServiceTest" name="createExpenseNewCategory" time="0.077"/>
  <testcase classname="mybudgetapp.domain.MyBudgetServiceTest" name="listListsCategories" time="0.132"/>
  <testcase classname="mybudgetapp.domain.MyBudgetServiceTest" name="updateBalanceNewExpense" time="0.083"/>
</testsuite>